c:\users\augus\source\repos\leetcode-cpp\leetcode-cpp\debug\leetcode-cpp.pch
c:\users\augus\source\repos\leetcode-cpp\leetcode-cpp\debug\vc143.pdb
c:\users\augus\source\repos\leetcode-cpp\leetcode-cpp\debug\pch.obj
c:\users\augus\source\repos\leetcode-cpp\leetcode-cpp\debug\test.obj
c:\users\augus\source\repos\leetcode-cpp\leetcode-cpp\debug\498.obj
c:\users\augus\source\repos\leetcode-cpp\leetcode-cpp\debug\498-test.obj
c:\users\augus\source\repos\leetcode-cpp\leetcode-cpp\debug\37.obj
c:\users\augus\source\repos\leetcode-cpp\leetcode-cpp\debug\36_test.obj
c:\users\augus\source\repos\leetcode-cpp\leetcode-cpp\debug\36.obj
c:\users\augus\source\repos\leetcode-cpp\debug\gtest.pdb
c:\users\augus\source\repos\leetcode-cpp\debug\gtest_main.pdb
c:\users\augus\source\repos\leetcode-cpp\debug\leetcode-cpp.exe
c:\users\augus\source\repos\leetcode-cpp\debug\leetcode-cpp.pdb
c:\users\augus\source\repos\leetcode-cpp\debug\leetcode-cpp.ilk
c:\users\augus\source\repos\leetcode-cpp\leetcode-cpp\debug\leetcode-cpp.tlog\cl.command.1.tlog
c:\users\augus\source\repos\leetcode-cpp\leetcode-cpp\debug\leetcode-cpp.tlog\cl.items.tlog
c:\users\augus\source\repos\leetcode-cpp\leetcode-cpp\debug\leetcode-cpp.tlog\cl.read.1.tlog
c:\users\augus\source\repos\leetcode-cpp\leetcode-cpp\debug\leetcode-cpp.tlog\cl.write.1.tlog
c:\users\augus\source\repos\leetcode-cpp\leetcode-cpp\debug\leetcode-cpp.tlog\copylocal.read.1u.tlog
c:\users\augus\source\repos\leetcode-cpp\leetcode-cpp\debug\leetcode-cpp.tlog\copylocal.write.1u.tlog
c:\users\augus\source\repos\leetcode-cpp\leetcode-cpp\debug\leetcode-cpp.tlog\link.command.1.tlog
c:\users\augus\source\repos\leetcode-cpp\leetcode-cpp\debug\leetcode-cpp.tlog\link.read.1.tlog
c:\users\augus\source\repos\leetcode-cpp\leetcode-cpp\debug\leetcode-cpp.tlog\link.secondary.1.tlog
c:\users\augus\source\repos\leetcode-cpp\leetcode-cpp\debug\leetcode-cpp.tlog\link.write.1.tlog
